[0m09:40:19.339967 [debug] [MainThread]: Sending event: {'category': 'dbt', 'action': 'invocation', 'label': 'start', 'context': [<snowplow_tracker.self_describing_json.SelfDescribingJson object at 0x747ac9345940>, <snowplow_tracker.self_describing_json.SelfDescribingJson object at 0x747aca2a8cd0>, <snowplow_tracker.self_describing_json.SelfDescribingJson object at 0x747ac81ebed0>]}


============================== 09:40:19.342763 | 0b286bd0-91f4-47cf-a783-22330c8686f4 ==============================
[0m09:40:19.342763 [info ] [MainThread]: Running with dbt=1.9.2
[0m09:40:19.343383 [debug] [MainThread]: running dbt with arguments {'printer_width': '80', 'indirect_selection': 'eager', 'log_cache_events': 'False', 'write_json': 'True', 'partial_parse': 'True', 'cache_selected_only': 'False', 'profiles_dir': '/home/sly/.dbt', 'version_check': 'True', 'warn_error': 'None', 'log_path': 'logs', 'debug': 'False', 'fail_fast': 'False', 'use_colors': 'True', 'use_experimental_parser': 'False', 'empty': 'None', 'quiet': 'False', 'no_print': 'None', 'warn_error_options': 'WarnErrorOptions(include=[], exclude=[])', 'invocation_command': 'dbt init my_postgres_project', 'log_format': 'default', 'static_parser': 'True', 'target_path': 'None', 'introspect': 'True', 'send_anonymous_usage_stats': 'True'}
[0m09:40:19.351858 [debug] [MainThread]: Starter project path: /home/sly/PycharmProjects/dbt-project /.venv/lib/python3.13/site-packages/dbt/include/starter_project
[0m09:40:19.354035 [info ] [MainThread]: 
Your new dbt project "my_postgres_project" was created!

For more information on how to configure the profiles.yml file,
please consult the dbt documentation here:

  https://docs.getdbt.com/docs/configure-your-profile

One more thing:

Need help? Don't hesitate to reach out to us via GitHub issues or on Slack:

  https://community.getdbt.com/

Happy modeling!

[0m09:40:19.354485 [info ] [MainThread]: Setting up your profile.
[0m09:41:43.381130 [info ] [MainThread]: Profile my_postgres_project written to /home/sly/.dbt/profiles.yml using target's profile_template.yml and your supplied values. Run 'dbt debug' to validate the connection.
[0m09:41:43.382384 [debug] [MainThread]: Resource report: {"command_name": "init", "command_success": true, "command_wall_clock_time": 84.09312, "process_in_blocks": "0", "process_kernel_time": 0.088123, "process_mem_max_rss": "96188", "process_out_blocks": "208", "process_user_time": 1.044474}
[0m09:41:43.383023 [debug] [MainThread]: Command `dbt init` succeeded at 09:41:43.382840 after 84.09 seconds
[0m09:41:43.383489 [debug] [MainThread]: Sending event: {'category': 'dbt', 'action': 'invocation', 'label': 'end', 'context': [<snowplow_tracker.self_describing_json.SelfDescribingJson object at 0x747ac8178770>, <snowplow_tracker.self_describing_json.SelfDescribingJson object at 0x747ac9fdf0b0>, <snowplow_tracker.self_describing_json.SelfDescribingJson object at 0x747ac8281f20>]}
[0m09:41:43.383980 [debug] [MainThread]: Flushing usage events
[0m09:41:45.776528 [debug] [MainThread]: An error was encountered while trying to flush usage events
